::1 - - [04/Nov/2025 13:13:13] "GET /public/index.html HTTP/1.1" 304 -
::1 - - [04/Nov/2025 13:13:13] "GET /src/css/styles.css HTTP/1.1" 304 -
::1 - - [04/Nov/2025 13:13:13] "GET /src/js/main.js HTTP/1.1" 304 -
::1 - - [04/Nov/2025 13:13:15] code 404, message File not found
::1 - - [04/Nov/2025 13:13:15] "GET /src/assets/images/blog/placeholder-1.jpg HTTP/1.1" 404 -
::1 - - [04/Nov/2025 13:13:15] code 404, message File not found
::1 - - [04/Nov/2025 13:13:15] "GET /src/assets/images/blog/placeholder-3.jpg HTTP/1.1" 404 -
::1 - - [04/Nov/2025 13:13:15] code 404, message File not found
::1 - - [04/Nov/2025 13:13:15] "GET /src/assets/images/blog/placeholder-2.jpg HTTP/1.1" 404 -
::1 - - [04/Nov/2025 13:13:15] code 404, message File not found
::1 - - [04/Nov/2025 13:13:15] "GET /src/assets/images/profile.jpg HTTP/1.1" 404 -
::1 - - [04/Nov/2025 13:16:17] "GET /blog/index.html HTTP/1.1" 200 -
::1 - - [04/Nov/2025 13:16:17] "GET /src/css/blog.css HTTP/1.1" 200 -
::1 - - [04/Nov/2025 13:16:17] "GET /src/js/blog.js HTTP/1.1" 200 -
::1 - - [04/Nov/2025 13:16:17] "GET /src/css/styles.css HTTP/1.1" 304 -
::1 - - [04/Nov/2025 13:16:17] "GET /src/js/main.js HTTP/1.1" 304 -
::1 - - [04/Nov/2025 13:16:17] code 404, message File not found
::1 - - [04/Nov/2025 13:16:17] "GET /src/assets/images/blog/placeholder-1.jpg HTTP/1.1" 404 -
::1 - - [04/Nov/2025 13:16:17] code 404, message File not found
::1 - - [04/Nov/2025 13:16:17] "GET /src/assets/images/blog/placeholder-2.jpg HTTP/1.1" 404 -
::1 - - [04/Nov/2025 13:16:17] code 404, message File not found
::1 - - [04/Nov/2025 13:16:17] "GET /src/assets/images/blog/placeholder-3.jpg HTTP/1.1" 404 -
::1 - - [04/Nov/2025 13:16:17] code 404, message File not found
::1 - - [04/Nov/2025 13:16:17] "GET /src/assets/images/blog/placeholder-4.jpg HTTP/1.1" 404 -
::1 - - [04/Nov/2025 13:16:17] code 404, message File not found
::1 - - [04/Nov/2025 13:16:17] "GET /src/assets/images/blog/placeholder-5.jpg HTTP/1.1" 404 -
::1 - - [04/Nov/2025 13:16:17] code 404, message File not found
::1 - - [04/Nov/2025 13:16:17] "GET /src/assets/images/blog/placeholder-6.jpg HTTP/1.1" 404 -
::1 - - [04/Nov/2025 13:16:21] "GET / HTTP/1.1" 200 -
::1 - - [04/Nov/2025 13:16:28] code 404, message File not found
::1 - - [04/Nov/2025 13:16:28] "GET /blog/posts/sample-post-4.html HTTP/1.1" 404 -
::1 - - [04/Nov/2025 13:16:41] code 404, message File not found
::1 - - [04/Nov/2025 13:16:41] "GET /.well-known/appspecific/com.chrome.devtools.json HTTP/1.1" 404 -
::1 - - [04/Nov/2025 14:22:26] "GET /blog/index.html HTTP/1.1" 304 -
::1 - - [04/Nov/2025 14:22:26] "GET /src/css/styles.css HTTP/1.1" 200 -
::1 - - [04/Nov/2025 14:22:26] "GET /src/js/main.js HTTP/1.1" 200 -
::1 - - [04/Nov/2025 14:22:26] "GET /src/css/blog.css HTTP/1.1" 304 -
::1 - - [04/Nov/2025 14:22:26] "GET /src/js/blog.js HTTP/1.1" 304 -
::1 - - [04/Nov/2025 14:22:26] code 404, message File not found
::1 - - [04/Nov/2025 14:22:26] code 404, message File not found
::1 - - [04/Nov/2025 14:22:26] "GET /src/assets/images/blog/placeholder-1.jpg HTTP/1.1" 404 -
::1 - - [04/Nov/2025 14:22:26] code 404, message File not found
::1 - - [04/Nov/2025 14:22:26] code 404, message File not found
::1 - - [04/Nov/2025 14:22:26] "GET /src/assets/images/blog/placeholder-3.jpg HTTP/1.1" 404 -
::1 - - [04/Nov/2025 14:22:26] code 404, message File not found
::1 - - [04/Nov/2025 14:22:26] "GET /src/assets/images/blog/placeholder-2.jpg HTTP/1.1" 404 -
::1 - - [04/Nov/2025 14:22:26] "GET /src/assets/images/blog/placeholder-4.jpg HTTP/1.1" 404 -
::1 - - [04/Nov/2025 14:22:26] "GET /src/assets/images/blog/placeholder-5.jpg HTTP/1.1" 404 -
::1 - - [04/Nov/2025 14:22:26] code 404, message File not found
::1 - - [04/Nov/2025 14:22:26] "GET /src/assets/images/blog/placeholder-6.jpg HTTP/1.1" 404 -
::1 - - [04/Nov/2025 14:24:16] "GET / HTTP/1.1" 200 -
::1 - - [04/Nov/2025 14:26:25] "GET / HTTP/1.1" 200 -
::1 - - [04/Nov/2025 14:26:26] "GET / HTTP/1.1" 200 -
::1 - - [04/Nov/2025 14:26:33] "GET / HTTP/1.1" 200 -
::1 - - [04/Nov/2025 14:26:34] "GET / HTTP/1.1" 200 -
::1 - - [04/Nov/2025 14:26:34] "GET / HTTP/1.1" 200 -
::1 - - [04/Nov/2025 14:26:34] "GET / HTTP/1.1" 200 -
::1 - - [04/Nov/2025 14:26:34] "GET / HTTP/1.1" 200 -
::1 - - [04/Nov/2025 14:52:41] "GET /public/index.html HTTP/1.1" 200 -
::1 - - [04/Nov/2025 14:52:41] "GET /src/js/main.js HTTP/1.1" 304 -
::1 - - [04/Nov/2025 14:52:41] "GET /src/css/styles.css HTTP/1.1" 304 -
::1 - - [04/Nov/2025 14:58:43] "GET /blog/index.html HTTP/1.1" 304 -
::1 - - [04/Nov/2025 14:58:43] "GET /src/css/blog.css HTTP/1.1" 304 -
::1 - - [04/Nov/2025 14:58:43] "GET /src/js/blog.js HTTP/1.1" 304 -
::1 - - [04/Nov/2025 14:58:43] code 404, message File not found
::1 - - [04/Nov/2025 14:58:43] "GET /src/assets/images/blog/placeholder-1.jpg HTTP/1.1" 404 -
::1 - - [04/Nov/2025 14:58:43] code 404, message File not found
::1 - - [04/Nov/2025 14:58:43] "GET /src/assets/images/blog/placeholder-2.jpg HTTP/1.1" 404 -
::1 - - [04/Nov/2025 14:58:43] code 404, message File not found
::1 - - [04/Nov/2025 14:58:43] "GET /src/assets/images/blog/placeholder-3.jpg HTTP/1.1" 404 -
::1 - - [04/Nov/2025 14:58:43] code 404, message File not found
::1 - - [04/Nov/2025 14:58:43] "GET /src/assets/images/blog/placeholder-4.jpg HTTP/1.1" 404 -
::1 - - [04/Nov/2025 14:58:43] code 404, message File not found
::1 - - [04/Nov/2025 14:58:43] "GET /src/assets/images/blog/placeholder-5.jpg HTTP/1.1" 404 -
::1 - - [04/Nov/2025 14:58:43] code 404, message File not found
::1 - - [04/Nov/2025 14:58:43] "GET /src/assets/images/blog/placeholder-6.jpg HTTP/1.1" 404 -
::1 - - [04/Nov/2025 15:01:39] "GET /public/index.html HTTP/1.1" 200 -
::1 - - [04/Nov/2025 15:24:25] "GET /public/index.html HTTP/1.1" 304 -
::1 - - [04/Nov/2025 15:24:25] "GET /src/css/styles.css HTTP/1.1" 200 -
::1 - - [04/Nov/2025 15:24:25] "GET /src/js/main.js HTTP/1.1" 304 -
::1 - - [04/Nov/2025 15:25:00] "GET /blog/index.html HTTP/1.1" 304 -
::1 - - [04/Nov/2025 15:25:00] "GET /src/css/blog.css HTTP/1.1" 304 -
::1 - - [04/Nov/2025 15:25:00] "GET /src/js/blog.js HTTP/1.1" 304 -
::1 - - [04/Nov/2025 15:25:00] code 404, message File not found
::1 - - [04/Nov/2025 15:25:00] "GET /src/assets/images/blog/placeholder-1.jpg HTTP/1.1" 404 -
::1 - - [04/Nov/2025 15:25:00] code 404, message File not found
::1 - - [04/Nov/2025 15:25:00] "GET /src/assets/images/blog/placeholder-2.jpg HTTP/1.1" 404 -
::1 - - [04/Nov/2025 15:25:00] code 404, message File not found
::1 - - [04/Nov/2025 15:25:00] code 404, message File not found
::1 - - [04/Nov/2025 15:25:00] "GET /src/assets/images/blog/placeholder-3.jpg HTTP/1.1" 404 -
::1 - - [04/Nov/2025 15:25:00] code 404, message File not found
::1 - - [04/Nov/2025 15:25:00] code 404, message File not found
::1 - - [04/Nov/2025 15:25:00] "GET /src/assets/images/blog/placeholder-5.jpg HTTP/1.1" 404 -
::1 - - [04/Nov/2025 15:25:00] "GET /src/assets/images/blog/placeholder-6.jpg HTTP/1.1" 404 -
::1 - - [04/Nov/2025 15:25:00] "GET /src/assets/images/blog/placeholder-4.jpg HTTP/1.1" 404 -
::1 - - [04/Nov/2025 15:48:35] "GET /blog/index.html HTTP/1.1" 304 -
::1 - - [04/Nov/2025 15:48:35] "GET /src/css/styles.css HTTP/1.1" 304 -
::1 - - [04/Nov/2025 15:48:35] "GET /src/css/blog.css HTTP/1.1" 304 -
::1 - - [04/Nov/2025 15:48:35] "GET /src/js/main.js HTTP/1.1" 304 -
::1 - - [04/Nov/2025 15:48:35] "GET /src/js/blog.js HTTP/1.1" 304 -
::1 - - [04/Nov/2025 15:48:35] code 404, message File not found
::1 - - [04/Nov/2025 15:48:35] "GET /src/assets/images/blog/placeholder-2.jpg HTTP/1.1" 404 -
::1 - - [04/Nov/2025 15:48:35] code 404, message File not found
::1 - - [04/Nov/2025 15:48:35] "GET /src/assets/images/blog/placeholder-1.jpg HTTP/1.1" 404 -
::1 - - [04/Nov/2025 15:48:35] code 404, message File not found
::1 - - [04/Nov/2025 15:48:35] "GET /src/assets/images/blog/placeholder-3.jpg HTTP/1.1" 404 -
::1 - - [04/Nov/2025 15:48:35] code 404, message File not found
::1 - - [04/Nov/2025 15:48:35] "GET /src/assets/images/blog/placeholder-5.jpg HTTP/1.1" 404 -
::1 - - [04/Nov/2025 15:48:35] code 404, message File not found
::1 - - [04/Nov/2025 15:48:35] "GET /src/assets/images/blog/placeholder-6.jpg HTTP/1.1" 404 -
::1 - - [04/Nov/2025 15:48:35] code 404, message File not found
::1 - - [04/Nov/2025 15:48:35] "GET /src/assets/images/blog/placeholder-4.jpg HTTP/1.1" 404 -
::1 - - [04/Nov/2025 15:48:37] "GET /blog/index.html HTTP/1.1" 304 -
::1 - - [04/Nov/2025 15:48:37] code 404, message File not found
::1 - - [04/Nov/2025 15:48:37] code 404, message File not found
::1 - - [04/Nov/2025 15:48:37] "GET /src/assets/images/blog/placeholder-2.jpg HTTP/1.1" 404 -
::1 - - [04/Nov/2025 15:48:37] "GET /src/assets/images/blog/placeholder-1.jpg HTTP/1.1" 404 -
::1 - - [04/Nov/2025 15:48:37] code 404, message File not found
::1 - - [04/Nov/2025 15:48:37] code 404, message File not found
::1 - - [04/Nov/2025 15:48:37] "GET /src/assets/images/blog/placeholder-3.jpg HTTP/1.1" 404 -
::1 - - [04/Nov/2025 15:48:37] "GET /src/assets/images/blog/placeholder-4.jpg HTTP/1.1" 404 -
::1 - - [04/Nov/2025 15:48:37] code 404, message File not found
::1 - - [04/Nov/2025 15:48:37] code 404, message File not found
::1 - - [04/Nov/2025 15:48:37] "GET /src/assets/images/blog/placeholder-5.jpg HTTP/1.1" 404 -
::1 - - [04/Nov/2025 15:48:37] "GET /src/assets/images/blog/placeholder-6.jpg HTTP/1.1" 404 -
::1 - - [04/Nov/2025 15:52:38] "GET / HTTP/1.1" 200 -
::1 - - [04/Nov/2025 15:52:44] "GET /public/index.html HTTP/1.1" 304 -
::1 - - [04/Nov/2025 15:52:52] "GET /public/index.html HTTP/1.1" 304 -
::1 - - [04/Nov/2025 16:20:51] "GET /public/index.html HTTP/1.1" 304 -
::1 - - [04/Nov/2025 16:20:51] "GET /src/js/main.js HTTP/1.1" 304 -
::1 - - [04/Nov/2025 16:20:51] "GET /src/css/styles.css HTTP/1.1" 304 -
::1 - - [04/Nov/2025 19:07:05] "GET /blog/index.html HTTP/1.1" 304 -
::1 - - [04/Nov/2025 19:07:05] "GET /src/css/styles.css HTTP/1.1" 304 -
::1 - - [04/Nov/2025 19:07:05] "GET /src/css/blog.css HTTP/1.1" 304 -
::1 - - [04/Nov/2025 19:07:05] "GET /src/js/main.js HTTP/1.1" 304 -
::1 - - [04/Nov/2025 19:07:05] "GET /src/js/blog.js HTTP/1.1" 304 -
::1 - - [04/Nov/2025 19:07:05] code 404, message File not found
::1 - - [04/Nov/2025 19:07:05] "GET /src/assets/images/blog/placeholder-1.jpg HTTP/1.1" 404 -
::1 - - [04/Nov/2025 19:07:05] code 404, message File not found
::1 - - [04/Nov/2025 19:07:05] "GET /src/assets/images/blog/placeholder-2.jpg HTTP/1.1" 404 -
::1 - - [04/Nov/2025 19:07:05] code 404, message File not found
::1 - - [04/Nov/2025 19:07:05] "GET /src/assets/images/blog/placeholder-3.jpg HTTP/1.1" 404 -
::1 - - [04/Nov/2025 19:07:05] code 404, message File not found
::1 - - [04/Nov/2025 19:07:05] "GET /src/assets/images/blog/placeholder-4.jpg HTTP/1.1" 404 -
::1 - - [04/Nov/2025 19:07:05] code 404, message File not found
::1 - - [04/Nov/2025 19:07:05] code 404, message File not found
::1 - - [04/Nov/2025 19:07:05] "GET /src/assets/images/blog/placeholder-5.jpg HTTP/1.1" 404 -
::1 - - [04/Nov/2025 19:07:05] "GET /src/assets/images/blog/placeholder-6.jpg HTTP/1.1" 404 -
::1 - - [04/Nov/2025 19:15:41] "GET / HTTP/1.1" 200 -
::1 - - [04/Nov/2025 19:15:42] "GET / HTTP/1.1" 200 -
::1 - - [04/Nov/2025 19:15:42] "GET / HTTP/1.1" 200 -
::1 - - [04/Nov/2025 19:15:43] "GET / HTTP/1.1" 200 -
::1 - - [04/Nov/2025 19:16:27] code 404, message File not found
::1 - - [04/Nov/2025 19:16:27] "GET /public/index.html%20%60%60%60%20 HTTP/1.1" 404 -
::1 - - [04/Nov/2025 19:16:42] code 404, message File not found
::1 - - [04/Nov/2025 19:16:42] "GET /public/index.html%20%60%60%60%20 HTTP/1.1" 404 -
::1 - - [04/Nov/2025 19:16:42] code 404, message File not found
::1 - - [04/Nov/2025 19:16:42] "GET /favicon.ico HTTP/1.1" 404 -
::1 - - [04/Nov/2025 19:16:43] code 404, message File not found
::1 - - [04/Nov/2025 19:16:43] "GET /public/index.html%20%60%60%60%20 HTTP/1.1" 404 -
::1 - - [04/Nov/2025 19:16:43] code 404, message File not found
::1 - - [04/Nov/2025 19:16:43] "GET /favicon.ico HTTP/1.1" 404 -
::1 - - [04/Nov/2025 19:16:43] code 404, message File not found
::1 - - [04/Nov/2025 19:16:43] "GET /public/index.html%20%60%60%60%20 HTTP/1.1" 404 -
::1 - - [04/Nov/2025 19:16:43] code 404, message File not found
::1 - - [04/Nov/2025 19:16:43] "GET /favicon.ico HTTP/1.1" 404 -
::1 - - [04/Nov/2025 19:16:44] code 404, message File not found
::1 - - [04/Nov/2025 19:16:44] "GET /public/index.html%20%60%60%60%20 HTTP/1.1" 404 -
::1 - - [04/Nov/2025 19:16:44] code 404, message File not found
::1 - - [04/Nov/2025 19:16:44] "GET /favicon.ico HTTP/1.1" 404 -
::1 - - [04/Nov/2025 19:16:49] code 404, message File not found
::1 - - [04/Nov/2025 19:16:49] "GET /public/index.html%20%60%60%60%20 HTTP/1.1" 404 -
::1 - - [04/Nov/2025 19:16:49] code 404, message File not found
::1 - - [04/Nov/2025 19:16:49] "GET /favicon.ico HTTP/1.1" 404 -
::1 - - [04/Nov/2025 19:16:50] code 404, message File not found
::1 - - [04/Nov/2025 19:16:50] "GET /public/index.html%20%60%60%60%20 HTTP/1.1" 404 -
::1 - - [04/Nov/2025 19:16:50] code 404, message File not found
::1 - - [04/Nov/2025 19:16:50] "GET /favicon.ico HTTP/1.1" 404 -
::1 - - [04/Nov/2025 19:16:50] code 404, message File not found
::1 - - [04/Nov/2025 19:16:50] "GET /public/index.html%20%60%60%60%20 HTTP/1.1" 404 -
::1 - - [04/Nov/2025 19:16:50] code 404, message File not found
::1 - - [04/Nov/2025 19:16:50] "GET /favicon.ico HTTP/1.1" 404 -
::1 - - [04/Nov/2025 19:16:50] code 404, message File not found
::1 - - [04/Nov/2025 19:16:50] "GET /public/index.html%20%60%60%60%20 HTTP/1.1" 404 -
::1 - - [04/Nov/2025 19:16:50] code 404, message File not found
::1 - - [04/Nov/2025 19:16:50] "GET /favicon.ico HTTP/1.1" 404 -
::1 - - [04/Nov/2025 19:16:50] code 404, message File not found
::1 - - [04/Nov/2025 19:16:50] "GET /public/index.html%20%60%60%60%20 HTTP/1.1" 404 -
::1 - - [04/Nov/2025 19:16:50] code 404, message File not found
::1 - - [04/Nov/2025 19:16:50] "GET /favicon.ico HTTP/1.1" 404 -
::1 - - [04/Nov/2025 19:16:50] code 404, message File not found
::1 - - [04/Nov/2025 19:16:50] "GET /public/index.html%20%60%60%60%20 HTTP/1.1" 404 -
::1 - - [04/Nov/2025 19:16:50] code 404, message File not found
::1 - - [04/Nov/2025 19:16:50] "GET /favicon.ico HTTP/1.1" 404 -
::1 - - [04/Nov/2025 19:16:50] code 404, message File not found
::1 - - [04/Nov/2025 19:16:50] "GET /public/index.html%20%60%60%60%20 HTTP/1.1" 404 -
::1 - - [04/Nov/2025 19:16:50] code 404, message File not found
::1 - - [04/Nov/2025 19:16:50] "GET /favicon.ico HTTP/1.1" 404 -
::1 - - [04/Nov/2025 19:16:51] code 404, message File not found
::1 - - [04/Nov/2025 19:16:51] "GET /public/index.html%20%60%60%60%20 HTTP/1.1" 404 -
::1 - - [04/Nov/2025 19:16:51] code 404, message File not found
::1 - - [04/Nov/2025 19:16:51] "GET /favicon.ico HTTP/1.1" 404 -
::1 - - [04/Nov/2025 19:16:51] code 404, message File not found
::1 - - [04/Nov/2025 19:16:51] "GET /public/index.html%20%60%60%60%20 HTTP/1.1" 404 -
::1 - - [04/Nov/2025 19:16:51] code 404, message File not found
::1 - - [04/Nov/2025 19:16:51] "GET /favicon.ico HTTP/1.1" 404 -
::1 - - [04/Nov/2025 19:16:51] code 404, message File not found
::1 - - [04/Nov/2025 19:16:51] "GET /public/index.html%20%60%60%60%20 HTTP/1.1" 404 -
::1 - - [04/Nov/2025 19:16:51] code 404, message File not found
::1 - - [04/Nov/2025 19:16:51] "GET /favicon.ico HTTP/1.1" 404 -
